{
  "RSpec": {
    "coverage": {
      "/Users/dan/Documents/pitaka/pitaka-server/config/environment.rb": [
        null,
        null,
        null,
        1,
        null,
        null,
        1
      ],
      "/Users/dan/Documents/pitaka/pitaka-server/config/application.rb": [
        null,
        null,
        1,
        null,
        1,
        null,
        null,
        null,
        1,
        null,
        1,
        null,
        1,
        null,
        1,
        null,
        null,
        null,
        null,
        null,
        null,
        null
      ],
      "/Users/dan/Documents/pitaka/pitaka-server/config/boot.rb": [
        null,
        null,
        1,
        null,
        1,
        1
      ],
      "/Users/dan/Documents/pitaka/pitaka-server/config/environments/test.rb": [
        null,
        null,
        null,
        null,
        null,
        null,
        null,
        1,
        null,
        null,
        1,
        null,
        null,
        null,
        null,
        1,
        null,
        null,
        1,
        1,
        null,
        null,
        null,
        null,
        1,
        1,
        1,
        null,
        null,
        1,
        null,
        null,
        1,
        null,
        null,
        1,
        null,
        1,
        null,
        null,
        null,
        null,
        1,
        null,
        null,
        1,
        null,
        null,
        null,
        null
      ],
      "/Users/dan/Documents/pitaka/pitaka-server/config/initializers/application_controller_renderer.rb": [
        null,
        null,
        null,
        null,
        null,
        null,
        null,
        null,
        null
      ],
      "/Users/dan/Documents/pitaka/pitaka-server/config/initializers/assets.rb": [
        null,
        null,
        null,
        null,
        null,
        1,
        null,
        null,
        null,
        null,
        1,
        null,
        null,
        null,
        null,
        null
      ],
      "/Users/dan/Documents/pitaka/pitaka-server/config/initializers/backtrace_silencers.rb": [
        null,
        null,
        null,
        null,
        null,
        null,
        null,
        null
      ],
      "/Users/dan/Documents/pitaka/pitaka-server/config/initializers/content_security_policy.rb": [
        null,
        null,
        null,
        null,
        null,
        null,
        null,
        null,
        null,
        null,
        null,
        null,
        null,
        null,
        null,
        null,
        null,
        null,
        null,
        null,
        null,
        null,
        null,
        null,
        null,
        null,
        null,
        null,
        null,
        null,
        null
      ],
      "/Users/dan/Documents/pitaka/pitaka-server/config/initializers/cookies_serializer.rb": [
        null,
        null,
        null,
        null,
        null,
        null,
        1
      ],
      "/Users/dan/Documents/pitaka/pitaka-server/config/initializers/filter_parameter_logging.rb": [
        null,
        null,
        null,
        null,
        null,
        1
      ],
      "/Users/dan/Documents/pitaka/pitaka-server/config/initializers/inflections.rb": [
        null,
        null,
        null,
        null,
        null,
        null,
        null,
        null,
        null,
        null,
        null,
        null,
        null,
        null,
        null,
        null,
        null
      ],
      "/Users/dan/Documents/pitaka/pitaka-server/config/initializers/mime_types.rb": [
        null,
        null,
        null,
        null,
        null
      ],
      "/Users/dan/Documents/pitaka/pitaka-server/config/initializers/wrap_parameters.rb": [
        null,
        null,
        null,
        null,
        null,
        null,
        null,
        null,
        1,
        2,
        null,
        null,
        null,
        null,
        null,
        null
      ],
      "/Users/dan/Documents/pitaka/pitaka-server/spec/factories/snippets.rb": [
        null,
        null,
        1,
        1,
        1,
        1,
        1,
        1,
        null,
        null
      ],
      "/Users/dan/Documents/pitaka/pitaka-server/spec/factories/user_blogs.rb": [
        null,
        null,
        1,
        1,
        1,
        1,
        1,
        null,
        null
      ],
      "/Users/dan/Documents/pitaka/pitaka-server/spec/factories/users.rb": [
        null,
        null,
        1,
        1,
        1,
        1,
        1,
        1,
        null,
        null
      ],
      "/Users/dan/Documents/pitaka/pitaka-server/config/routes.rb": [
        null,
        null,
        1,
        null,
        null,
        null,
        null,
        null,
        null,
        null,
        null,
        null,
        null,
        1,
        null,
        null,
        null,
        1,
        null
      ],
      "/Users/dan/Documents/pitaka/pitaka-server/app/helpers/application_helper.rb": [
        null,
        null,
        null,
        1,
        null
      ],
      "/Users/dan/Documents/pitaka/pitaka-server/app/helpers/blogs_helper.rb": [
        null,
        null,
        null,
        1,
        null
      ],
      "/Users/dan/Documents/pitaka/pitaka-server/app/helpers/posts_helper.rb": [
        null,
        null,
        null,
        1,
        null
      ],
      "/Users/dan/Documents/pitaka/pitaka-server/spec/models/snippet_spec.rb": [
        null,
        null,
        1,
        null,
        1,
        1,
        null
      ],
      "/Users/dan/Documents/pitaka/pitaka-server/app/models/snippet.rb": [
        null,
        null,
        null,
        1,
        1,
        1,
        1,
        null
      ],
      "/Users/dan/Documents/pitaka/pitaka-server/app/models/application_record.rb": [
        null,
        null,
        null,
        1,
        1,
        null
      ],
      "/Users/dan/Documents/pitaka/pitaka-server/spec/models/user_blog_spec.rb": [
        null,
        null,
        1,
        null,
        1,
        1,
        null
      ],
      "/Users/dan/Documents/pitaka/pitaka-server/app/models/user_blog.rb": [
        null,
        null,
        null,
        1,
        1,
        1,
        1,
        1,
        null
      ],
      "/Users/dan/Documents/pitaka/pitaka-server/spec/models/user_spec.rb": [
        null,
        null,
        1,
        null,
        1,
        1,
        null
      ],
      "/Users/dan/Documents/pitaka/pitaka-server/app/models/user.rb": [
        null,
        null,
        null,
        1,
        1,
        null,
        1,
        1,
        1,
        null
      ],
      "/Users/dan/Documents/pitaka/pitaka-server/spec/requests/blogs_spec.rb": [
        null,
        null,
        null,
        null,
        1,
        null,
        1,
        1,
        1,
        1,
        1,
        null,
        1,
        null,
        1,
        1,
        1,
        null,
        null
      ],
      "/Users/dan/Documents/pitaka/pitaka-server/spec/requests/posts_spec.rb": [
        null,
        null,
        null,
        null,
        1,
        null,
        1,
        1,
        1,
        1,
        1,
        null,
        1,
        null,
        1,
        1,
        1,
        null,
        null,
        1,
        1,
        1,
        1,
        null,
        1,
        null,
        1,
        1,
        1,
        null,
        null
      ],
      "/Users/dan/Documents/pitaka/pitaka-server/app/models/blog.rb": [
        null,
        null,
        null,
        1,
        1,
        1,
        1,
        1,
        null
      ],
      "/Users/dan/Documents/pitaka/pitaka-server/app/models/post.rb": [
        null,
        null,
        null,
        1,
        1,
        1,
        1,
        null
      ],
      "/Users/dan/Documents/pitaka/pitaka-server/app/controllers/application_controller.rb": [
        null,
        null,
        1,
        null
      ],
      "/Users/dan/Documents/pitaka/pitaka-server/app/controllers/blogs_controller.rb": [
        null,
        null,
        null,
        1,
        null,
        1,
        null,
        1,
        1,
        null,
        null
      ],
      "/Users/dan/Documents/pitaka/pitaka-server/app/controllers/posts_controller.rb": [
        null,
        null,
        null,
        1,
        null,
        1,
        null,
        null,
        1,
        null,
        1,
        1,
        null,
        null,
        null,
        null,
        1,
        1,
        null,
        null,
        1,
        0,
        null,
        null,
        null,
        1,
        null,
        0,
        null,
        0,
        0,
        null,
        0,
        null,
        null,
        null,
        null,
        1,
        null,
        null,
        1,
        0,
        0,
        null,
        0,
        null,
        null,
        null,
        null,
        1,
        0,
        0,
        null,
        null,
        1,
        null,
        null,
        1,
        0,
        null,
        null,
        null,
        1,
        null,
        1,
        null,
        null
      ]
    },
    "timestamp": 1580008301
  }
}
